2025-03-23 19:35:36,462 - __main__ - INFO - 找到 7 个JSON文件
2025-03-23 19:35:36,464 - __main__ - INFO - 已加载 data\bitcoin_controversial_all_batch_1_20250323_193311.json 中的 100 条数据
2025-03-23 19:35:36,469 - __main__ - INFO - 已加载 data\bitcoin_hot_batch_1_20250323_192343.json 中的 721 条数据
2025-03-23 19:35:36,477 - __main__ - INFO - 已加载 data\bitcoin_new_batch_1_20250323_192320.json 中的 990 条数据
2025-03-23 19:35:36,478 - __main__ - INFO - 已加载 data\bitcoin_rising_batch_1_20250323_192401.json 中的 25 条数据
2025-03-23 19:35:36,479 - __main__ - INFO - 已加载 data\bitcoin_rising_batch_2_20250323_192813.json 中的 1 条数据
2025-03-23 19:35:36,481 - __main__ - INFO - 已加载 data\bitcoin_rising_batch_3_20250323_193056.json 中的 50 条数据
2025-03-23 19:35:36,482 - __main__ - INFO - 已加载 data\bitcoin_top_all_batch_1_20250323_193228.json 中的 100 条数据
2025-03-23 19:35:36,483 - __main__ - INFO - 共加载 1987 条帖子数据
2025-03-23 19:35:36,483 - __main__ - INFO - 去重后剩余 1193 条帖子数据
2025-03-23 19:35:36,484 - __main__ - INFO - 已按时间戳排序，从早到晚
2025-03-23 19:35:36,505 - __main__ - INFO - 已将合并后的 1193 条帖子数据保存到 data\bitcoin_merged_20250323_193536.json
2025-03-23 19:35:36,507 - __main__ - INFO - 已加载 data\bitcoin_controversial_all_batch_1_20250323_193311.json 中的 100 条数据
2025-03-23 19:35:36,513 - __main__ - INFO - 已加载 data\bitcoin_hot_batch_1_20250323_192343.json 中的 721 条数据
2025-03-23 19:35:36,522 - __main__ - INFO - 已加载 data\bitcoin_new_batch_1_20250323_192320.json 中的 990 条数据
2025-03-23 19:35:36,523 - __main__ - INFO - 已加载 data\bitcoin_rising_batch_1_20250323_192401.json 中的 25 条数据
2025-03-23 19:35:36,524 - __main__ - INFO - 已加载 data\bitcoin_rising_batch_2_20250323_192813.json 中的 1 条数据
2025-03-23 19:35:36,524 - __main__ - INFO - 已加载 data\bitcoin_rising_batch_3_20250323_193056.json 中的 50 条数据
2025-03-23 19:35:36,526 - __main__ - INFO - 已加载 data\bitcoin_top_all_batch_1_20250323_193228.json 中的 100 条数据
2025-03-23 19:35:36,526 - __main__ - INFO - 各排序方式数据统计:
2025-03-23 19:35:36,526 - __main__ - INFO -   - controversial: 100 条
2025-03-23 19:35:36,526 - __main__ - INFO -   - hot: 721 条
2025-03-23 19:35:36,526 - __main__ - INFO -   - new: 990 条
2025-03-23 19:35:36,527 - __main__ - INFO -   - rising: 76 条
2025-03-23 19:35:36,527 - __main__ - INFO -   - top: 100 条
